---------------------------------------------------------------
[ 2018-06-05T14:40:28+08:00 ] 127.0.0.1 GET www.tp5.com/public/admin/admin/index
[运行时间：0.045003s] [吞吐率：22.22req/s] [内存消耗：3,191.75kb] [文件加载：61]
[ info ] [ LANG ] E:\wamp\www\adminTemplate\thinkphp\lang\zh-cn.php
[ info ] [ ROUTE ] array (
)
[ info ] [ HEADER ] array (
  'host' => 'www.tp5.com',
  'connection' => 'keep-alive',
  'pragma' => 'no-cache',
  'cache-control' => 'no-cache',
  'upgrade-insecure-requests' => '1',
  'user-agent' => 'Mozilla/5.0 (Windows NT 6.1; Win64; x64) AppleWebKit/537.36 (KHTML, like Gecko) Chrome/63.0.3239.108 Safari/537.36',
  'accept' => 'text/html,application/xhtml+xml,application/xml;q=0.9,image/webp,image/apng,*/*;q=0.8',
  'accept-encoding' => 'gzip, deflate',
  'accept-language' => 'zh-CN,zh;q=0.9',
  'cookie' => 'PHPSESSID=o1trp0t27f073pbcd86937j0h3',
)
[ info ] [ PARAM ] array (
)
[ info ] [ VIEW ] E:\wamp\www\adminTemplate\application\admin\view\admin\index.html [ array (
) ]
---------------------------------------------------------------
[ 2018-06-05T14:40:28+08:00 ] 127.0.0.1 GET www.tp5.com/public/static/admin/style/jquery.slimscroll.min.js.map
[运行时间：0.032002s] [吞吐率：31.25req/s] [内存消耗：2,242.27kb] [文件加载：50]
[ info ] [ LANG ] E:\wamp\www\adminTemplate\thinkphp\lang\zh-cn.php
---------------------------------------------------------------
[ 2018-06-05T14:40:46+08:00 ] 127.0.0.1 GET www.tp5.com/public/admin/admin/index
[运行时间：0.046002s] [吞吐率：21.74req/s] [内存消耗：3,191.69kb] [文件加载：61]
[ info ] [ LANG ] E:\wamp\www\adminTemplate\thinkphp\lang\zh-cn.php
[ info ] [ ROUTE ] array (
)
[ info ] [ HEADER ] array (
  'host' => 'www.tp5.com',
  'connection' => 'keep-alive',
  'pragma' => 'no-cache',
  'cache-control' => 'no-cache',
  'upgrade-insecure-requests' => '1',
  'user-agent' => 'Mozilla/5.0 (Windows NT 6.1; Win64; x64) AppleWebKit/537.36 (KHTML, like Gecko) Chrome/63.0.3239.108 Safari/537.36',
  'accept' => 'text/html,application/xhtml+xml,application/xml;q=0.9,image/webp,image/apng,*/*;q=0.8',
  'accept-encoding' => 'gzip, deflate',
  'accept-language' => 'zh-CN,zh;q=0.9',
  'cookie' => 'PHPSESSID=o1trp0t27f073pbcd86937j0h3',
)
[ info ] [ PARAM ] array (
)
[ info ] [ VIEW ] E:\wamp\www\adminTemplate\application\admin\view\admin\index.html [ array (
) ]
---------------------------------------------------------------
[ 2018-06-05T14:40:46+08:00 ] 127.0.0.1 GET www.tp5.com/public/static/admin/style/jquery.slimscroll.min.js.map
[运行时间：0.025001s] [吞吐率：40.00req/s] [内存消耗：2,242.27kb] [文件加载：50]
[ info ] [ LANG ] E:\wamp\www\adminTemplate\thinkphp\lang\zh-cn.php
---------------------------------------------------------------
[ 2018-06-05T14:40:46+08:00 ] 127.0.0.1 GET www.tp5.com/public/admin/admin/index
[运行时间：0.041002s] [吞吐率：24.39req/s] [内存消耗：2,930.66kb] [文件加载：59]
[ info ] [ LANG ] E:\wamp\www\adminTemplate\thinkphp\lang\zh-cn.php
[ info ] [ ROUTE ] array (
)
[ info ] [ HEADER ] array (
  'host' => 'www.tp5.com',
  'connection' => 'keep-alive',
  'pragma' => 'no-cache',
  'cache-control' => 'no-cache',
  'upgrade-insecure-requests' => '1',
  'user-agent' => 'Mozilla/5.0 (Windows NT 6.1; Win64; x64) AppleWebKit/537.36 (KHTML, like Gecko) Chrome/63.0.3239.108 Safari/537.36',
  'accept' => 'text/html,application/xhtml+xml,application/xml;q=0.9,image/webp,image/apng,*/*;q=0.8',
  'accept-encoding' => 'gzip, deflate',
  'accept-language' => 'zh-CN,zh;q=0.9',
  'cookie' => 'PHPSESSID=o1trp0t27f073pbcd86937j0h3',
)
[ info ] [ PARAM ] array (
)
[ info ] [ VIEW ] E:\wamp\www\adminTemplate\application\admin\view\admin\index.html [ array (
) ]
---------------------------------------------------------------
[ 2018-06-05T14:40:46+08:00 ] 127.0.0.1 GET www.tp5.com/public/static/admin/style/jquery.slimscroll.min.js.map
[运行时间：0.026002s] [吞吐率：38.46req/s] [内存消耗：2,242.27kb] [文件加载：50]
[ info ] [ LANG ] E:\wamp\www\adminTemplate\thinkphp\lang\zh-cn.php
---------------------------------------------------------------
[ 2018-06-05T14:40:53+08:00 ] 127.0.0.1 GET www.tp5.com/public/admin/admin/index
[运行时间：0.045003s] [吞吐率：22.22req/s] [内存消耗：3,191.63kb] [文件加载：61]
[ info ] [ LANG ] E:\wamp\www\adminTemplate\thinkphp\lang\zh-cn.php
[ info ] [ ROUTE ] array (
)
[ info ] [ HEADER ] array (
  'host' => 'www.tp5.com',
  'connection' => 'keep-alive',
  'pragma' => 'no-cache',
  'cache-control' => 'no-cache',
  'upgrade-insecure-requests' => '1',
  'user-agent' => 'Mozilla/5.0 (Windows NT 6.1; Win64; x64) AppleWebKit/537.36 (KHTML, like Gecko) Chrome/63.0.3239.108 Safari/537.36',
  'accept' => 'text/html,application/xhtml+xml,application/xml;q=0.9,image/webp,image/apng,*/*;q=0.8',
  'accept-encoding' => 'gzip, deflate',
  'accept-language' => 'zh-CN,zh;q=0.9',
  'cookie' => 'PHPSESSID=o1trp0t27f073pbcd86937j0h3',
)
[ info ] [ PARAM ] array (
)
[ info ] [ VIEW ] E:\wamp\www\adminTemplate\application\admin\view\admin\index.html [ array (
) ]
---------------------------------------------------------------
[ 2018-06-05T14:40:53+08:00 ] 127.0.0.1 GET www.tp5.com/public/static/admin/style/jquery.slimscroll.min.js.map
[运行时间：0.029002s] [吞吐率：34.48req/s] [内存消耗：2,242.27kb] [文件加载：50]
[ info ] [ LANG ] E:\wamp\www\adminTemplate\thinkphp\lang\zh-cn.php
---------------------------------------------------------------
[ 2018-06-05T14:41:01+08:00 ] 127.0.0.1 GET www.tp5.com/public/admin/admin/index
[运行时间：0.043003s] [吞吐率：23.25req/s] [内存消耗：3,191.63kb] [文件加载：61]
[ info ] [ LANG ] E:\wamp\www\adminTemplate\thinkphp\lang\zh-cn.php
[ info ] [ ROUTE ] array (
)
[ info ] [ HEADER ] array (
  'host' => 'www.tp5.com',
  'connection' => 'keep-alive',
  'pragma' => 'no-cache',
  'cache-control' => 'no-cache',
  'upgrade-insecure-requests' => '1',
  'user-agent' => 'Mozilla/5.0 (Windows NT 6.1; Win64; x64) AppleWebKit/537.36 (KHTML, like Gecko) Chrome/63.0.3239.108 Safari/537.36',
  'accept' => 'text/html,application/xhtml+xml,application/xml;q=0.9,image/webp,image/apng,*/*;q=0.8',
  'accept-encoding' => 'gzip, deflate',
  'accept-language' => 'zh-CN,zh;q=0.9',
  'cookie' => 'PHPSESSID=o1trp0t27f073pbcd86937j0h3',
)
[ info ] [ PARAM ] array (
)
[ info ] [ VIEW ] E:\wamp\www\adminTemplate\application\admin\view\admin\index.html [ array (
) ]
---------------------------------------------------------------
[ 2018-06-05T14:41:01+08:00 ] 127.0.0.1 GET www.tp5.com/public/static/admin/style/jquery.slimscroll.min.js.map
[运行时间：0.029002s] [吞吐率：34.48req/s] [内存消耗：2,242.27kb] [文件加载：50]
[ info ] [ LANG ] E:\wamp\www\adminTemplate\thinkphp\lang\zh-cn.php
---------------------------------------------------------------
[ 2018-06-05T14:41:01+08:00 ] 127.0.0.1 GET www.tp5.com/public/admin/admin/index
[运行时间：0.042002s] [吞吐率：23.81req/s] [内存消耗：2,930.66kb] [文件加载：59]
[ info ] [ LANG ] E:\wamp\www\adminTemplate\thinkphp\lang\zh-cn.php
[ info ] [ ROUTE ] array (
)
[ info ] [ HEADER ] array (
  'host' => 'www.tp5.com',
  'connection' => 'keep-alive',
  'pragma' => 'no-cache',
  'cache-control' => 'no-cache',
  'upgrade-insecure-requests' => '1',
  'user-agent' => 'Mozilla/5.0 (Windows NT 6.1; Win64; x64) AppleWebKit/537.36 (KHTML, like Gecko) Chrome/63.0.3239.108 Safari/537.36',
  'accept' => 'text/html,application/xhtml+xml,application/xml;q=0.9,image/webp,image/apng,*/*;q=0.8',
  'accept-encoding' => 'gzip, deflate',
  'accept-language' => 'zh-CN,zh;q=0.9',
  'cookie' => 'PHPSESSID=o1trp0t27f073pbcd86937j0h3',
)
[ info ] [ PARAM ] array (
)
[ info ] [ VIEW ] E:\wamp\www\adminTemplate\application\admin\view\admin\index.html [ array (
) ]
---------------------------------------------------------------
[ 2018-06-05T14:41:01+08:00 ] 127.0.0.1 GET www.tp5.com/public/static/admin/style/jquery.slimscroll.min.js.map
[运行时间：0.033002s] [吞吐率：30.30req/s] [内存消耗：2,242.31kb] [文件加载：50]
[ info ] [ LANG ] E:\wamp\www\adminTemplate\thinkphp\lang\zh-cn.php
---------------------------------------------------------------
[ 2018-06-05T14:41:16+08:00 ] 127.0.0.1 GET www.tp5.com/public/admin/admin/index
[运行时间：0.042003s] [吞吐率：23.81req/s] [内存消耗：2,930.66kb] [文件加载：59]
[ info ] [ LANG ] E:\wamp\www\adminTemplate\thinkphp\lang\zh-cn.php
[ info ] [ ROUTE ] array (
)
[ info ] [ HEADER ] array (
  'host' => 'www.tp5.com',
  'connection' => 'keep-alive',
  'pragma' => 'no-cache',
  'cache-control' => 'no-cache',
  'upgrade-insecure-requests' => '1',
  'user-agent' => 'Mozilla/5.0 (Windows NT 6.1; Win64; x64) AppleWebKit/537.36 (KHTML, like Gecko) Chrome/63.0.3239.108 Safari/537.36',
  'accept' => 'text/html,application/xhtml+xml,application/xml;q=0.9,image/webp,image/apng,*/*;q=0.8',
  'accept-encoding' => 'gzip, deflate',
  'accept-language' => 'zh-CN,zh;q=0.9',
  'cookie' => 'PHPSESSID=o1trp0t27f073pbcd86937j0h3',
)
[ info ] [ PARAM ] array (
)
[ info ] [ VIEW ] E:\wamp\www\adminTemplate\application\admin\view\admin\index.html [ array (
) ]
---------------------------------------------------------------
[ 2018-06-05T14:41:17+08:00 ] 127.0.0.1 GET www.tp5.com/public/static/admin/style/jquery.slimscroll.min.js.map
[运行时间：0.027002s] [吞吐率：37.03req/s] [内存消耗：2,242.31kb] [文件加载：50]
[ info ] [ LANG ] E:\wamp\www\adminTemplate\thinkphp\lang\zh-cn.php
---------------------------------------------------------------
[ 2018-06-05T14:41:19+08:00 ] 127.0.0.1 GET www.tp5.com/public/admin/admin/index
[运行时间：0.041002s] [吞吐率：24.39req/s] [内存消耗：3,191.63kb] [文件加载：61]
[ info ] [ LANG ] E:\wamp\www\adminTemplate\thinkphp\lang\zh-cn.php
[ info ] [ ROUTE ] array (
)
[ info ] [ HEADER ] array (
  'host' => 'www.tp5.com',
  'connection' => 'keep-alive',
  'pragma' => 'no-cache',
  'cache-control' => 'no-cache',
  'upgrade-insecure-requests' => '1',
  'user-agent' => 'Mozilla/5.0 (Windows NT 6.1; Win64; x64) AppleWebKit/537.36 (KHTML, like Gecko) Chrome/63.0.3239.108 Safari/537.36',
  'accept' => 'text/html,application/xhtml+xml,application/xml;q=0.9,image/webp,image/apng,*/*;q=0.8',
  'accept-encoding' => 'gzip, deflate',
  'accept-language' => 'zh-CN,zh;q=0.9',
  'cookie' => 'PHPSESSID=o1trp0t27f073pbcd86937j0h3',
)
[ info ] [ PARAM ] array (
)
[ info ] [ VIEW ] E:\wamp\www\adminTemplate\application\admin\view\admin\index.html [ array (
) ]
---------------------------------------------------------------
[ 2018-06-05T14:41:19+08:00 ] 127.0.0.1 GET www.tp5.com/public/static/admin/style/jquery.slimscroll.min.js.map
[运行时间：0.028002s] [吞吐率：35.71req/s] [内存消耗：2,242.27kb] [文件加载：50]
[ info ] [ LANG ] E:\wamp\www\adminTemplate\thinkphp\lang\zh-cn.php
---------------------------------------------------------------
[ 2018-06-05T14:41:19+08:00 ] 127.0.0.1 GET www.tp5.com/public/admin/admin/index
[运行时间：0.043002s] [吞吐率：23.25req/s] [内存消耗：2,930.66kb] [文件加载：59]
[ info ] [ LANG ] E:\wamp\www\adminTemplate\thinkphp\lang\zh-cn.php
[ info ] [ ROUTE ] array (
)
[ info ] [ HEADER ] array (
  'host' => 'www.tp5.com',
  'connection' => 'keep-alive',
  'pragma' => 'no-cache',
  'cache-control' => 'no-cache',
  'upgrade-insecure-requests' => '1',
  'user-agent' => 'Mozilla/5.0 (Windows NT 6.1; Win64; x64) AppleWebKit/537.36 (KHTML, like Gecko) Chrome/63.0.3239.108 Safari/537.36',
  'accept' => 'text/html,application/xhtml+xml,application/xml;q=0.9,image/webp,image/apng,*/*;q=0.8',
  'accept-encoding' => 'gzip, deflate',
  'accept-language' => 'zh-CN,zh;q=0.9',
  'cookie' => 'PHPSESSID=o1trp0t27f073pbcd86937j0h3',
)
[ info ] [ PARAM ] array (
)
[ info ] [ VIEW ] E:\wamp\www\adminTemplate\application\admin\view\admin\index.html [ array (
) ]
---------------------------------------------------------------
[ 2018-06-05T14:41:19+08:00 ] 127.0.0.1 GET www.tp5.com/public/static/admin/style/jquery.slimscroll.min.js.map
[运行时间：0.026001s] [吞吐率：38.46req/s] [内存消耗：2,242.27kb] [文件加载：50]
[ info ] [ LANG ] E:\wamp\www\adminTemplate\thinkphp\lang\zh-cn.php
---------------------------------------------------------------
[ 2018-06-05T14:41:52+08:00 ] 127.0.0.1 GET www.tp5.com/public/admin/admin/index
[运行时间：0.039002s] [吞吐率：25.64req/s] [内存消耗：2,930.66kb] [文件加载：59]
[ info ] [ LANG ] E:\wamp\www\adminTemplate\thinkphp\lang\zh-cn.php
[ info ] [ ROUTE ] array (
)
[ info ] [ HEADER ] array (
  'host' => 'www.tp5.com',
  'connection' => 'keep-alive',
  'pragma' => 'no-cache',
  'cache-control' => 'no-cache',
  'upgrade-insecure-requests' => '1',
  'user-agent' => 'Mozilla/5.0 (Windows NT 6.1; Win64; x64) AppleWebKit/537.36 (KHTML, like Gecko) Chrome/63.0.3239.108 Safari/537.36',
  'accept' => 'text/html,application/xhtml+xml,application/xml;q=0.9,image/webp,image/apng,*/*;q=0.8',
  'accept-encoding' => 'gzip, deflate',
  'accept-language' => 'zh-CN,zh;q=0.9',
  'cookie' => 'PHPSESSID=o1trp0t27f073pbcd86937j0h3',
)
[ info ] [ PARAM ] array (
)
[ info ] [ VIEW ] E:\wamp\www\adminTemplate\application\admin\view\admin\index.html [ array (
) ]
---------------------------------------------------------------
[ 2018-06-05T14:41:52+08:00 ] 127.0.0.1 GET www.tp5.com/public/static/admin/fonts/fontawesome-webfont.woff2?v=4.3.0
[运行时间：0.026002s] [吞吐率：38.46req/s] [内存消耗：2,242.77kb] [文件加载：50]
[ info ] [ LANG ] E:\wamp\www\adminTemplate\thinkphp\lang\zh-cn.php
---------------------------------------------------------------
[ 2018-06-05T14:41:52+08:00 ] 127.0.0.1 GET www.tp5.com/public/static/admin/style/jquery.slimscroll.min.js.map
[运行时间：0.030002s] [吞吐率：33.33req/s] [内存消耗：2,242.27kb] [文件加载：50]
[ info ] [ LANG ] E:\wamp\www\adminTemplate\thinkphp\lang\zh-cn.php
---------------------------------------------------------------
[ 2018-06-05T14:41:53+08:00 ] 127.0.0.1 GET www.tp5.com/public/admin/admin/index
[运行时间：0.039002s] [吞吐率：25.64req/s] [内存消耗：2,930.66kb] [文件加载：59]
[ info ] [ LANG ] E:\wamp\www\adminTemplate\thinkphp\lang\zh-cn.php
[ info ] [ ROUTE ] array (
)
[ info ] [ HEADER ] array (
  'host' => 'www.tp5.com',
  'connection' => 'keep-alive',
  'pragma' => 'no-cache',
  'cache-control' => 'no-cache',
  'upgrade-insecure-requests' => '1',
  'user-agent' => 'Mozilla/5.0 (Windows NT 6.1; Win64; x64) AppleWebKit/537.36 (KHTML, like Gecko) Chrome/63.0.3239.108 Safari/537.36',
  'accept' => 'text/html,application/xhtml+xml,application/xml;q=0.9,image/webp,image/apng,*/*;q=0.8',
  'accept-encoding' => 'gzip, deflate',
  'accept-language' => 'zh-CN,zh;q=0.9',
  'cookie' => 'PHPSESSID=o1trp0t27f073pbcd86937j0h3',
)
[ info ] [ PARAM ] array (
)
[ info ] [ VIEW ] E:\wamp\www\adminTemplate\application\admin\view\admin\index.html [ array (
) ]
---------------------------------------------------------------
[ 2018-06-05T14:41:53+08:00 ] 127.0.0.1 GET www.tp5.com/public/static/admin/fonts/fontawesome-webfont.woff2?v=4.3.0
[运行时间：0.026001s] [吞吐率：38.46req/s] [内存消耗：2,242.77kb] [文件加载：50]
[ info ] [ LANG ] E:\wamp\www\adminTemplate\thinkphp\lang\zh-cn.php
---------------------------------------------------------------
[ 2018-06-05T14:41:53+08:00 ] 127.0.0.1 GET www.tp5.com/public/static/admin/style/jquery.slimscroll.min.js.map
[运行时间：0.027002s] [吞吐率：37.03req/s] [内存消耗：2,242.27kb] [文件加载：50]
[ info ] [ LANG ] E:\wamp\www\adminTemplate\thinkphp\lang\zh-cn.php
---------------------------------------------------------------
[ 2018-06-05T14:41:53+08:00 ] 127.0.0.1 GET www.tp5.com/public/admin/admin/index
[运行时间：0.038002s] [吞吐率：26.31req/s] [内存消耗：2,930.66kb] [文件加载：59]
[ info ] [ LANG ] E:\wamp\www\adminTemplate\thinkphp\lang\zh-cn.php
[ info ] [ ROUTE ] array (
)
[ info ] [ HEADER ] array (
  'host' => 'www.tp5.com',
  'connection' => 'keep-alive',
  'pragma' => 'no-cache',
  'cache-control' => 'no-cache',
  'upgrade-insecure-requests' => '1',
  'user-agent' => 'Mozilla/5.0 (Windows NT 6.1; Win64; x64) AppleWebKit/537.36 (KHTML, like Gecko) Chrome/63.0.3239.108 Safari/537.36',
  'accept' => 'text/html,application/xhtml+xml,application/xml;q=0.9,image/webp,image/apng,*/*;q=0.8',
  'accept-encoding' => 'gzip, deflate',
  'accept-language' => 'zh-CN,zh;q=0.9',
  'cookie' => 'PHPSESSID=o1trp0t27f073pbcd86937j0h3',
)
[ info ] [ PARAM ] array (
)
[ info ] [ VIEW ] E:\wamp\www\adminTemplate\application\admin\view\admin\index.html [ array (
) ]
---------------------------------------------------------------
[ 2018-06-05T14:41:53+08:00 ] 127.0.0.1 GET www.tp5.com/public/static/admin/fonts/fontawesome-webfont.woff2?v=4.3.0
[运行时间：0.025001s] [吞吐率：40.00req/s] [内存消耗：2,242.77kb] [文件加载：50]
[ info ] [ LANG ] E:\wamp\www\adminTemplate\thinkphp\lang\zh-cn.php
---------------------------------------------------------------
[ 2018-06-05T14:41:53+08:00 ] 127.0.0.1 GET www.tp5.com/public/static/admin/style/jquery.slimscroll.min.js.map
[运行时间：0.032002s] [吞吐率：31.25req/s] [内存消耗：2,242.27kb] [文件加载：50]
[ info ] [ LANG ] E:\wamp\www\adminTemplate\thinkphp\lang\zh-cn.php
---------------------------------------------------------------
[ 2018-06-05T14:41:58+08:00 ] 127.0.0.1 GET www.tp5.com/public/admin/admin/index
[运行时间：0.038002s] [吞吐率：26.31req/s] [内存消耗：2,930.66kb] [文件加载：59]
[ info ] [ LANG ] E:\wamp\www\adminTemplate\thinkphp\lang\zh-cn.php
[ info ] [ ROUTE ] array (
)
[ info ] [ HEADER ] array (
  'host' => 'www.tp5.com',
  'connection' => 'keep-alive',
  'pragma' => 'no-cache',
  'cache-control' => 'no-cache',
  'upgrade-insecure-requests' => '1',
  'user-agent' => 'Mozilla/5.0 (Windows NT 6.1; Win64; x64) AppleWebKit/537.36 (KHTML, like Gecko) Chrome/63.0.3239.108 Safari/537.36',
  'accept' => 'text/html,application/xhtml+xml,application/xml;q=0.9,image/webp,image/apng,*/*;q=0.8',
  'accept-encoding' => 'gzip, deflate',
  'accept-language' => 'zh-CN,zh;q=0.9',
  'cookie' => 'PHPSESSID=o1trp0t27f073pbcd86937j0h3',
)
[ info ] [ PARAM ] array (
)
[ info ] [ VIEW ] E:\wamp\www\adminTemplate\application\admin\view\admin\index.html [ array (
) ]
---------------------------------------------------------------
[ 2018-06-05T14:41:58+08:00 ] 127.0.0.1 GET www.tp5.com/public/static/admin/fonts/fontawesome-webfont.woff2?v=4.3.0
[运行时间：0.025002s] [吞吐率：40.00req/s] [内存消耗：2,242.77kb] [文件加载：50]
[ info ] [ LANG ] E:\wamp\www\adminTemplate\thinkphp\lang\zh-cn.php
---------------------------------------------------------------
[ 2018-06-05T14:41:58+08:00 ] 127.0.0.1 GET www.tp5.com/public/static/admin/style/jquery.slimscroll.min.js.map
[运行时间：0.028001s] [吞吐率：35.71req/s] [内存消耗：2,242.27kb] [文件加载：50]
[ info ] [ LANG ] E:\wamp\www\adminTemplate\thinkphp\lang\zh-cn.php
---------------------------------------------------------------
[ 2018-06-05T14:41:58+08:00 ] 127.0.0.1 GET www.tp5.com/public/admin/admin/index
[运行时间：0.037002s] [吞吐率：27.03req/s] [内存消耗：2,930.66kb] [文件加载：59]
[ info ] [ LANG ] E:\wamp\www\adminTemplate\thinkphp\lang\zh-cn.php
[ info ] [ ROUTE ] array (
)
[ info ] [ HEADER ] array (
  'host' => 'www.tp5.com',
  'connection' => 'keep-alive',
  'pragma' => 'no-cache',
  'cache-control' => 'no-cache',
  'upgrade-insecure-requests' => '1',
  'user-agent' => 'Mozilla/5.0 (Windows NT 6.1; Win64; x64) AppleWebKit/537.36 (KHTML, like Gecko) Chrome/63.0.3239.108 Safari/537.36',
  'accept' => 'text/html,application/xhtml+xml,application/xml;q=0.9,image/webp,image/apng,*/*;q=0.8',
  'accept-encoding' => 'gzip, deflate',
  'accept-language' => 'zh-CN,zh;q=0.9',
  'cookie' => 'PHPSESSID=o1trp0t27f073pbcd86937j0h3',
)
[ info ] [ PARAM ] array (
)
[ info ] [ VIEW ] E:\wamp\www\adminTemplate\application\admin\view\admin\index.html [ array (
) ]
---------------------------------------------------------------
[ 2018-06-05T14:41:58+08:00 ] 127.0.0.1 GET www.tp5.com/public/static/admin/fonts/fontawesome-webfont.woff2?v=4.3.0
[运行时间：0.026001s] [吞吐率：38.46req/s] [内存消耗：2,242.77kb] [文件加载：50]
[ info ] [ LANG ] E:\wamp\www\adminTemplate\thinkphp\lang\zh-cn.php
---------------------------------------------------------------
[ 2018-06-05T14:41:58+08:00 ] 127.0.0.1 GET www.tp5.com/public/static/admin/style/jquery.slimscroll.min.js.map
[运行时间：0.027002s] [吞吐率：37.03req/s] [内存消耗：2,242.27kb] [文件加载：50]
[ info ] [ LANG ] E:\wamp\www\adminTemplate\thinkphp\lang\zh-cn.php
---------------------------------------------------------------
[ 2018-06-05T14:42:10+08:00 ] 127.0.0.1 GET www.tp5.com/public/admin/admin/index
[运行时间：0.039002s] [吞吐率：25.64req/s] [内存消耗：2,930.66kb] [文件加载：59]
[ info ] [ LANG ] E:\wamp\www\adminTemplate\thinkphp\lang\zh-cn.php
[ info ] [ ROUTE ] array (
)
[ info ] [ HEADER ] array (
  'host' => 'www.tp5.com',
  'connection' => 'keep-alive',
  'pragma' => 'no-cache',
  'cache-control' => 'no-cache',
  'upgrade-insecure-requests' => '1',
  'user-agent' => 'Mozilla/5.0 (Windows NT 6.1; Win64; x64) AppleWebKit/537.36 (KHTML, like Gecko) Chrome/63.0.3239.108 Safari/537.36',
  'accept' => 'text/html,application/xhtml+xml,application/xml;q=0.9,image/webp,image/apng,*/*;q=0.8',
  'accept-encoding' => 'gzip, deflate',
  'accept-language' => 'zh-CN,zh;q=0.9',
  'cookie' => 'PHPSESSID=o1trp0t27f073pbcd86937j0h3',
)
[ info ] [ PARAM ] array (
)
[ info ] [ VIEW ] E:\wamp\www\adminTemplate\application\admin\view\admin\index.html [ array (
) ]
---------------------------------------------------------------
[ 2018-06-05T14:42:10+08:00 ] 127.0.0.1 GET www.tp5.com/public/static/admin/style/jquery.slimscroll.min.js.map
[运行时间：0.026002s] [吞吐率：38.46req/s] [内存消耗：2,242.27kb] [文件加载：50]
[ info ] [ LANG ] E:\wamp\www\adminTemplate\thinkphp\lang\zh-cn.php
---------------------------------------------------------------
[ 2018-06-05T14:42:15+08:00 ] 127.0.0.1 GET www.tp5.com/public/admin/admin/index
[运行时间：0.041002s] [吞吐率：24.39req/s] [内存消耗：2,930.66kb] [文件加载：59]
[ info ] [ LANG ] E:\wamp\www\adminTemplate\thinkphp\lang\zh-cn.php
[ info ] [ ROUTE ] array (
)
[ info ] [ HEADER ] array (
  'host' => 'www.tp5.com',
  'connection' => 'keep-alive',
  'pragma' => 'no-cache',
  'cache-control' => 'no-cache',
  'upgrade-insecure-requests' => '1',
  'user-agent' => 'Mozilla/5.0 (Windows NT 6.1; Win64; x64) AppleWebKit/537.36 (KHTML, like Gecko) Chrome/63.0.3239.108 Safari/537.36',
  'accept' => 'text/html,application/xhtml+xml,application/xml;q=0.9,image/webp,image/apng,*/*;q=0.8',
  'accept-encoding' => 'gzip, deflate',
  'accept-language' => 'zh-CN,zh;q=0.9',
  'cookie' => 'PHPSESSID=o1trp0t27f073pbcd86937j0h3',
)
[ info ] [ PARAM ] array (
)
[ info ] [ VIEW ] E:\wamp\www\adminTemplate\application\admin\view\admin\index.html [ array (
) ]
---------------------------------------------------------------
[ 2018-06-05T14:42:15+08:00 ] 127.0.0.1 GET www.tp5.com/public/static/admin/fonts/fontawesome-webfont.woff2?v=4.3.0
[运行时间：0.026002s] [吞吐率：38.46req/s] [内存消耗：2,242.70kb] [文件加载：50]
[ info ] [ LANG ] E:\wamp\www\adminTemplate\thinkphp\lang\zh-cn.php
---------------------------------------------------------------
[ 2018-06-05T14:42:15+08:00 ] 127.0.0.1 GET www.tp5.com/public/static/admin/style/jquery.slimscroll.min.js.map
[运行时间：0.027001s] [吞吐率：37.04req/s] [内存消耗：2,242.31kb] [文件加载：50]
[ info ] [ LANG ] E:\wamp\www\adminTemplate\thinkphp\lang\zh-cn.php
---------------------------------------------------------------
[ 2018-06-05T14:42:18+08:00 ] 127.0.0.1 GET www.tp5.com/public/admin/admin/index
[运行时间：0.032002s] [吞吐率：31.25req/s] [内存消耗：2,930.66kb] [文件加载：59]
[ info ] [ LANG ] E:\wamp\www\adminTemplate\thinkphp\lang\zh-cn.php
[ info ] [ ROUTE ] array (
)
[ info ] [ HEADER ] array (
  'host' => 'www.tp5.com',
  'connection' => 'keep-alive',
  'pragma' => 'no-cache',
  'cache-control' => 'no-cache',
  'upgrade-insecure-requests' => '1',
  'user-agent' => 'Mozilla/5.0 (Windows NT 6.1; Win64; x64) AppleWebKit/537.36 (KHTML, like Gecko) Chrome/63.0.3239.108 Safari/537.36',
  'accept' => 'text/html,application/xhtml+xml,application/xml;q=0.9,image/webp,image/apng,*/*;q=0.8',
  'accept-encoding' => 'gzip, deflate',
  'accept-language' => 'zh-CN,zh;q=0.9',
  'cookie' => 'PHPSESSID=o1trp0t27f073pbcd86937j0h3',
)
[ info ] [ PARAM ] array (
)
[ info ] [ VIEW ] E:\wamp\www\adminTemplate\application\admin\view\admin\index.html [ array (
) ]
---------------------------------------------------------------
[ 2018-06-05T14:42:18+08:00 ] 127.0.0.1 GET www.tp5.com/public/static/admin/style/jquery.slimscroll.min.js.map
[运行时间：0.024001s] [吞吐率：41.67req/s] [内存消耗：2,242.27kb] [文件加载：50]
[ info ] [ LANG ] E:\wamp\www\adminTemplate\thinkphp\lang\zh-cn.php
---------------------------------------------------------------
[ 2018-06-05T14:42:19+08:00 ] 127.0.0.1 GET www.tp5.com/public/admin/admin/index
[运行时间：0.041002s] [吞吐率：24.39req/s] [内存消耗：2,930.66kb] [文件加载：59]
[ info ] [ LANG ] E:\wamp\www\adminTemplate\thinkphp\lang\zh-cn.php
[ info ] [ ROUTE ] array (
)
[ info ] [ HEADER ] array (
  'host' => 'www.tp5.com',
  'connection' => 'keep-alive',
  'pragma' => 'no-cache',
  'cache-control' => 'no-cache',
  'upgrade-insecure-requests' => '1',
  'user-agent' => 'Mozilla/5.0 (Windows NT 6.1; Win64; x64) AppleWebKit/537.36 (KHTML, like Gecko) Chrome/63.0.3239.108 Safari/537.36',
  'accept' => 'text/html,application/xhtml+xml,application/xml;q=0.9,image/webp,image/apng,*/*;q=0.8',
  'accept-encoding' => 'gzip, deflate',
  'accept-language' => 'zh-CN,zh;q=0.9',
  'cookie' => 'PHPSESSID=o1trp0t27f073pbcd86937j0h3',
)
[ info ] [ PARAM ] array (
)
[ info ] [ VIEW ] E:\wamp\www\adminTemplate\application\admin\view\admin\index.html [ array (
) ]
---------------------------------------------------------------
[ 2018-06-05T14:42:19+08:00 ] 127.0.0.1 GET www.tp5.com/public/static/admin/style/jquery.slimscroll.min.js.map
[运行时间：0.024002s] [吞吐率：41.66req/s] [内存消耗：2,242.27kb] [文件加载：50]
[ info ] [ LANG ] E:\wamp\www\adminTemplate\thinkphp\lang\zh-cn.php
---------------------------------------------------------------
[ 2018-06-05T14:42:21+08:00 ] 127.0.0.1 GET www.tp5.com/public/admin/admin/index
[运行时间：0.046003s] [吞吐率：21.74req/s] [内存消耗：2,930.66kb] [文件加载：59]
[ info ] [ LANG ] E:\wamp\www\adminTemplate\thinkphp\lang\zh-cn.php
[ info ] [ ROUTE ] array (
)
[ info ] [ HEADER ] array (
  'host' => 'www.tp5.com',
  'connection' => 'keep-alive',
  'pragma' => 'no-cache',
  'cache-control' => 'no-cache',
  'upgrade-insecure-requests' => '1',
  'user-agent' => 'Mozilla/5.0 (Windows NT 6.1; Win64; x64) AppleWebKit/537.36 (KHTML, like Gecko) Chrome/63.0.3239.108 Safari/537.36',
  'accept' => 'text/html,application/xhtml+xml,application/xml;q=0.9,image/webp,image/apng,*/*;q=0.8',
  'accept-encoding' => 'gzip, deflate',
  'accept-language' => 'zh-CN,zh;q=0.9',
  'cookie' => 'PHPSESSID=o1trp0t27f073pbcd86937j0h3',
)
[ info ] [ PARAM ] array (
)
[ info ] [ VIEW ] E:\wamp\www\adminTemplate\application\admin\view\admin\index.html [ array (
) ]
---------------------------------------------------------------
[ 2018-06-05T14:42:21+08:00 ] 127.0.0.1 GET www.tp5.com/public/static/admin/fonts/fontawesome-webfont.woff2?v=4.3.0
[运行时间：0.023001s] [吞吐率：43.48req/s] [内存消耗：2,242.70kb] [文件加载：50]
[ info ] [ LANG ] E:\wamp\www\adminTemplate\thinkphp\lang\zh-cn.php
---------------------------------------------------------------
[ 2018-06-05T14:42:21+08:00 ] 127.0.0.1 GET www.tp5.com/public/static/admin/style/jquery.slimscroll.min.js.map
[运行时间：0.026002s] [吞吐率：38.46req/s] [内存消耗：2,242.31kb] [文件加载：50]
[ info ] [ LANG ] E:\wamp\www\adminTemplate\thinkphp\lang\zh-cn.php
---------------------------------------------------------------
[ 2018-06-05T14:42:22+08:00 ] 127.0.0.1 GET www.tp5.com/public/admin/admin/index
[运行时间：0.039002s] [吞吐率：25.64req/s] [内存消耗：2,930.66kb] [文件加载：59]
[ info ] [ LANG ] E:\wamp\www\adminTemplate\thinkphp\lang\zh-cn.php
[ info ] [ ROUTE ] array (
)
[ info ] [ HEADER ] array (
  'host' => 'www.tp5.com',
  'connection' => 'keep-alive',
  'pragma' => 'no-cache',
  'cache-control' => 'no-cache',
  'upgrade-insecure-requests' => '1',
  'user-agent' => 'Mozilla/5.0 (Windows NT 6.1; Win64; x64) AppleWebKit/537.36 (KHTML, like Gecko) Chrome/63.0.3239.108 Safari/537.36',
  'accept' => 'text/html,application/xhtml+xml,application/xml;q=0.9,image/webp,image/apng,*/*;q=0.8',
  'accept-encoding' => 'gzip, deflate',
  'accept-language' => 'zh-CN,zh;q=0.9',
  'cookie' => 'PHPSESSID=o1trp0t27f073pbcd86937j0h3',
)
[ info ] [ PARAM ] array (
)
[ info ] [ VIEW ] E:\wamp\www\adminTemplate\application\admin\view\admin\index.html [ array (
) ]
---------------------------------------------------------------
[ 2018-06-05T14:42:22+08:00 ] 127.0.0.1 GET www.tp5.com/public/static/admin/fonts/fontawesome-webfont.woff2?v=4.3.0
[运行时间：0.024001s] [吞吐率：41.67req/s] [内存消耗：2,242.77kb] [文件加载：50]
[ info ] [ LANG ] E:\wamp\www\adminTemplate\thinkphp\lang\zh-cn.php
---------------------------------------------------------------
[ 2018-06-05T14:42:22+08:00 ] 127.0.0.1 GET www.tp5.com/public/static/admin/style/jquery.slimscroll.min.js.map
[运行时间：0.026001s] [吞吐率：38.46req/s] [内存消耗：2,242.27kb] [文件加载：50]
[ info ] [ LANG ] E:\wamp\www\adminTemplate\thinkphp\lang\zh-cn.php
---------------------------------------------------------------
[ 2018-06-05T14:42:24+08:00 ] 127.0.0.1 GET www.tp5.com/public/admin/admin/index
[运行时间：0.037002s] [吞吐率：27.03req/s] [内存消耗：2,930.66kb] [文件加载：59]
[ info ] [ LANG ] E:\wamp\www\adminTemplate\thinkphp\lang\zh-cn.php
[ info ] [ ROUTE ] array (
)
[ info ] [ HEADER ] array (
  'host' => 'www.tp5.com',
  'connection' => 'keep-alive',
  'pragma' => 'no-cache',
  'cache-control' => 'no-cache',
  'upgrade-insecure-requests' => '1',
  'user-agent' => 'Mozilla/5.0 (Windows NT 6.1; Win64; x64) AppleWebKit/537.36 (KHTML, like Gecko) Chrome/63.0.3239.108 Safari/537.36',
  'accept' => 'text/html,application/xhtml+xml,application/xml;q=0.9,image/webp,image/apng,*/*;q=0.8',
  'accept-encoding' => 'gzip, deflate',
  'accept-language' => 'zh-CN,zh;q=0.9',
  'cookie' => 'PHPSESSID=o1trp0t27f073pbcd86937j0h3',
)
[ info ] [ PARAM ] array (
)
[ info ] [ VIEW ] E:\wamp\www\adminTemplate\application\admin\view\admin\index.html [ array (
) ]
---------------------------------------------------------------
[ 2018-06-05T14:42:24+08:00 ] 127.0.0.1 GET www.tp5.com/public/static/admin/fonts/fontawesome-webfont.woff2?v=4.3.0
[运行时间：0.024001s] [吞吐率：41.67req/s] [内存消耗：2,242.77kb] [文件加载：50]
[ info ] [ LANG ] E:\wamp\www\adminTemplate\thinkphp\lang\zh-cn.php
---------------------------------------------------------------
[ 2018-06-05T14:42:25+08:00 ] 127.0.0.1 GET www.tp5.com/public/static/admin/style/jquery.slimscroll.min.js.map
[运行时间：0.028002s] [吞吐率：35.71req/s] [内存消耗：2,242.27kb] [文件加载：50]
[ info ] [ LANG ] E:\wamp\www\adminTemplate\thinkphp\lang\zh-cn.php
---------------------------------------------------------------
[ 2018-06-05T14:43:50+08:00 ] 127.0.0.1 GET www.tp5.com/public/admin/admin/index
[运行时间：0.037002s] [吞吐率：27.03req/s] [内存消耗：2,930.66kb] [文件加载：59]
[ info ] [ LANG ] E:\wamp\www\adminTemplate\thinkphp\lang\zh-cn.php
[ info ] [ ROUTE ] array (
)
[ info ] [ HEADER ] array (
  'host' => 'www.tp5.com',
  'connection' => 'keep-alive',
  'pragma' => 'no-cache',
  'cache-control' => 'no-cache',
  'upgrade-insecure-requests' => '1',
  'user-agent' => 'Mozilla/5.0 (Windows NT 6.1; Win64; x64) AppleWebKit/537.36 (KHTML, like Gecko) Chrome/63.0.3239.108 Safari/537.36',
  'accept' => 'text/html,application/xhtml+xml,application/xml;q=0.9,image/webp,image/apng,*/*;q=0.8',
  'accept-encoding' => 'gzip, deflate',
  'accept-language' => 'zh-CN,zh;q=0.9',
  'cookie' => 'PHPSESSID=o1trp0t27f073pbcd86937j0h3',
)
[ info ] [ PARAM ] array (
)
[ info ] [ VIEW ] E:\wamp\www\adminTemplate\application\admin\view\admin\index.html [ array (
) ]
---------------------------------------------------------------
[ 2018-06-05T14:43:50+08:00 ] 127.0.0.1 GET www.tp5.com/public/static/admin/style/jquery.slimscroll.min.js.map
[运行时间：0.030002s] [吞吐率：33.33req/s] [内存消耗：2,242.27kb] [文件加载：50]
[ info ] [ LANG ] E:\wamp\www\adminTemplate\thinkphp\lang\zh-cn.php
---------------------------------------------------------------
[ 2018-06-05T14:43:51+08:00 ] 127.0.0.1 GET www.tp5.com/public/admin/admin/index
[运行时间：0.046003s] [吞吐率：21.74req/s] [内存消耗：2,930.66kb] [文件加载：59]
[ info ] [ LANG ] E:\wamp\www\adminTemplate\thinkphp\lang\zh-cn.php
[ info ] [ ROUTE ] array (
)
[ info ] [ HEADER ] array (
  'host' => 'www.tp5.com',
  'connection' => 'keep-alive',
  'pragma' => 'no-cache',
  'cache-control' => 'no-cache',
  'upgrade-insecure-requests' => '1',
  'user-agent' => 'Mozilla/5.0 (Windows NT 6.1; Win64; x64) AppleWebKit/537.36 (KHTML, like Gecko) Chrome/63.0.3239.108 Safari/537.36',
  'accept' => 'text/html,application/xhtml+xml,application/xml;q=0.9,image/webp,image/apng,*/*;q=0.8',
  'accept-encoding' => 'gzip, deflate',
  'accept-language' => 'zh-CN,zh;q=0.9',
  'cookie' => 'PHPSESSID=o1trp0t27f073pbcd86937j0h3',
)
[ info ] [ PARAM ] array (
)
[ info ] [ VIEW ] E:\wamp\www\adminTemplate\application\admin\view\admin\index.html [ array (
) ]
---------------------------------------------------------------
[ 2018-06-05T14:43:51+08:00 ] 127.0.0.1 GET www.tp5.com/public/static/admin/style/jquery.slimscroll.min.js.map
[运行时间：0.031001s] [吞吐率：32.26req/s] [内存消耗：2,242.27kb] [文件加载：50]
[ info ] [ LANG ] E:\wamp\www\adminTemplate\thinkphp\lang\zh-cn.php
---------------------------------------------------------------
[ 2018-06-05T14:43:51+08:00 ] 127.0.0.1 GET www.tp5.com/public/admin/admin/index
[运行时间：0.035002s] [吞吐率：28.57req/s] [内存消耗：2,930.66kb] [文件加载：59]
[ info ] [ LANG ] E:\wamp\www\adminTemplate\thinkphp\lang\zh-cn.php
[ info ] [ ROUTE ] array (
)
[ info ] [ HEADER ] array (
  'host' => 'www.tp5.com',
  'connection' => 'keep-alive',
  'pragma' => 'no-cache',
  'cache-control' => 'no-cache',
  'upgrade-insecure-requests' => '1',
  'user-agent' => 'Mozilla/5.0 (Windows NT 6.1; Win64; x64) AppleWebKit/537.36 (KHTML, like Gecko) Chrome/63.0.3239.108 Safari/537.36',
  'accept' => 'text/html,application/xhtml+xml,application/xml;q=0.9,image/webp,image/apng,*/*;q=0.8',
  'accept-encoding' => 'gzip, deflate',
  'accept-language' => 'zh-CN,zh;q=0.9',
  'cookie' => 'PHPSESSID=o1trp0t27f073pbcd86937j0h3',
)
[ info ] [ PARAM ] array (
)
[ info ] [ VIEW ] E:\wamp\www\adminTemplate\application\admin\view\admin\index.html [ array (
) ]
---------------------------------------------------------------
[ 2018-06-05T14:43:52+08:00 ] 127.0.0.1 GET www.tp5.com/public/static/admin/style/jquery.slimscroll.min.js.map
[运行时间：0.026002s] [吞吐率：38.46req/s] [内存消耗：2,242.27kb] [文件加载：50]
[ info ] [ LANG ] E:\wamp\www\adminTemplate\thinkphp\lang\zh-cn.php
---------------------------------------------------------------
[ 2018-06-05T14:43:52+08:00 ] 127.0.0.1 GET www.tp5.com/public/admin/admin/index
[运行时间：0.031002s] [吞吐率：32.26req/s] [内存消耗：2,930.66kb] [文件加载：59]
[ info ] [ LANG ] E:\wamp\www\adminTemplate\thinkphp\lang\zh-cn.php
[ info ] [ ROUTE ] array (
)
[ info ] [ HEADER ] array (
  'host' => 'www.tp5.com',
  'connection' => 'keep-alive',
  'pragma' => 'no-cache',
  'cache-control' => 'no-cache',
  'upgrade-insecure-requests' => '1',
  'user-agent' => 'Mozilla/5.0 (Windows NT 6.1; Win64; x64) AppleWebKit/537.36 (KHTML, like Gecko) Chrome/63.0.3239.108 Safari/537.36',
  'accept' => 'text/html,application/xhtml+xml,application/xml;q=0.9,image/webp,image/apng,*/*;q=0.8',
  'accept-encoding' => 'gzip, deflate',
  'accept-language' => 'zh-CN,zh;q=0.9',
  'cookie' => 'PHPSESSID=o1trp0t27f073pbcd86937j0h3',
)
[ info ] [ PARAM ] array (
)
[ info ] [ VIEW ] E:\wamp\www\adminTemplate\application\admin\view\admin\index.html [ array (
) ]
---------------------------------------------------------------
[ 2018-06-05T14:43:52+08:00 ] 127.0.0.1 GET www.tp5.com/public/static/admin/style/jquery.slimscroll.min.js.map
[运行时间：0.036003s] [吞吐率：27.78req/s] [内存消耗：2,242.27kb] [文件加载：50]
[ info ] [ LANG ] E:\wamp\www\adminTemplate\thinkphp\lang\zh-cn.php
---------------------------------------------------------------
[ 2018-06-05T14:43:54+08:00 ] 127.0.0.1 GET www.tp5.com/public/admin/admin/index
[运行时间：0.038002s] [吞吐率：26.31req/s] [内存消耗：2,930.66kb] [文件加载：59]
[ info ] [ LANG ] E:\wamp\www\adminTemplate\thinkphp\lang\zh-cn.php
[ info ] [ ROUTE ] array (
)
[ info ] [ HEADER ] array (
  'host' => 'www.tp5.com',
  'connection' => 'keep-alive',
  'pragma' => 'no-cache',
  'cache-control' => 'no-cache',
  'upgrade-insecure-requests' => '1',
  'user-agent' => 'Mozilla/5.0 (Windows NT 6.1; Win64; x64) AppleWebKit/537.36 (KHTML, like Gecko) Chrome/63.0.3239.108 Safari/537.36',
  'accept' => 'text/html,application/xhtml+xml,application/xml;q=0.9,image/webp,image/apng,*/*;q=0.8',
  'accept-encoding' => 'gzip, deflate',
  'accept-language' => 'zh-CN,zh;q=0.9',
  'cookie' => 'PHPSESSID=o1trp0t27f073pbcd86937j0h3',
)
[ info ] [ PARAM ] array (
)
[ info ] [ VIEW ] E:\wamp\www\adminTemplate\application\admin\view\admin\index.html [ array (
) ]
---------------------------------------------------------------
[ 2018-06-05T14:43:54+08:00 ] 127.0.0.1 GET www.tp5.com/public/static/admin/style/jquery.slimscroll.min.js.map
[运行时间：0.027002s] [吞吐率：37.03req/s] [内存消耗：2,242.27kb] [文件加载：50]
[ info ] [ LANG ] E:\wamp\www\adminTemplate\thinkphp\lang\zh-cn.php
---------------------------------------------------------------
[ 2018-06-05T14:43:54+08:00 ] 127.0.0.1 GET www.tp5.com/public/admin/admin/index
[运行时间：0.031001s] [吞吐率：32.26req/s] [内存消耗：2,930.66kb] [文件加载：59]
[ info ] [ LANG ] E:\wamp\www\adminTemplate\thinkphp\lang\zh-cn.php
[ info ] [ ROUTE ] array (
)
[ info ] [ HEADER ] array (
  'host' => 'www.tp5.com',
  'connection' => 'keep-alive',
  'pragma' => 'no-cache',
  'cache-control' => 'no-cache',
  'upgrade-insecure-requests' => '1',
  'user-agent' => 'Mozilla/5.0 (Windows NT 6.1; Win64; x64) AppleWebKit/537.36 (KHTML, like Gecko) Chrome/63.0.3239.108 Safari/537.36',
  'accept' => 'text/html,application/xhtml+xml,application/xml;q=0.9,image/webp,image/apng,*/*;q=0.8',
  'accept-encoding' => 'gzip, deflate',
  'accept-language' => 'zh-CN,zh;q=0.9',
  'cookie' => 'PHPSESSID=o1trp0t27f073pbcd86937j0h3',
)
[ info ] [ PARAM ] array (
)
[ info ] [ VIEW ] E:\wamp\www\adminTemplate\application\admin\view\admin\index.html [ array (
) ]
---------------------------------------------------------------
[ 2018-06-05T14:43:55+08:00 ] 127.0.0.1 GET www.tp5.com/public/static/admin/style/jquery.slimscroll.min.js.map
[运行时间：0.035002s] [吞吐率：28.57req/s] [内存消耗：2,242.27kb] [文件加载：50]
[ info ] [ LANG ] E:\wamp\www\adminTemplate\thinkphp\lang\zh-cn.php
---------------------------------------------------------------
[ 2018-06-05T14:43:55+08:00 ] 127.0.0.1 GET www.tp5.com/public/admin/admin/index
[运行时间：0.049003s] [吞吐率：20.41req/s] [内存消耗：2,930.66kb] [文件加载：59]
[ info ] [ LANG ] E:\wamp\www\adminTemplate\thinkphp\lang\zh-cn.php
[ info ] [ ROUTE ] array (
)
[ info ] [ HEADER ] array (
  'host' => 'www.tp5.com',
  'connection' => 'keep-alive',
  'pragma' => 'no-cache',
  'cache-control' => 'no-cache',
  'upgrade-insecure-requests' => '1',
  'user-agent' => 'Mozilla/5.0 (Windows NT 6.1; Win64; x64) AppleWebKit/537.36 (KHTML, like Gecko) Chrome/63.0.3239.108 Safari/537.36',
  'accept' => 'text/html,application/xhtml+xml,application/xml;q=0.9,image/webp,image/apng,*/*;q=0.8',
  'accept-encoding' => 'gzip, deflate',
  'accept-language' => 'zh-CN,zh;q=0.9',
  'cookie' => 'PHPSESSID=o1trp0t27f073pbcd86937j0h3',
)
[ info ] [ PARAM ] array (
)
[ info ] [ VIEW ] E:\wamp\www\adminTemplate\application\admin\view\admin\index.html [ array (
) ]
---------------------------------------------------------------
[ 2018-06-05T14:43:55+08:00 ] 127.0.0.1 GET www.tp5.com/public/static/admin/style/jquery.slimscroll.min.js.map
[运行时间：0.024002s] [吞吐率：41.66req/s] [内存消耗：2,242.31kb] [文件加载：50]
[ info ] [ LANG ] E:\wamp\www\adminTemplate\thinkphp\lang\zh-cn.php
---------------------------------------------------------------
[ 2018-06-05T14:43:56+08:00 ] 127.0.0.1 GET www.tp5.com/public/admin/admin/index
[运行时间：0.039003s] [吞吐率：25.64req/s] [内存消耗：2,930.66kb] [文件加载：59]
[ info ] [ LANG ] E:\wamp\www\adminTemplate\thinkphp\lang\zh-cn.php
[ info ] [ ROUTE ] array (
)
[ info ] [ HEADER ] array (
  'host' => 'www.tp5.com',
  'connection' => 'keep-alive',
  'pragma' => 'no-cache',
  'cache-control' => 'no-cache',
  'upgrade-insecure-requests' => '1',
  'user-agent' => 'Mozilla/5.0 (Windows NT 6.1; Win64; x64) AppleWebKit/537.36 (KHTML, like Gecko) Chrome/63.0.3239.108 Safari/537.36',
  'accept' => 'text/html,application/xhtml+xml,application/xml;q=0.9,image/webp,image/apng,*/*;q=0.8',
  'accept-encoding' => 'gzip, deflate',
  'accept-language' => 'zh-CN,zh;q=0.9',
  'cookie' => 'PHPSESSID=o1trp0t27f073pbcd86937j0h3',
)
[ info ] [ PARAM ] array (
)
[ info ] [ VIEW ] E:\wamp\www\adminTemplate\application\admin\view\admin\index.html [ array (
) ]
---------------------------------------------------------------
[ 2018-06-05T14:43:56+08:00 ] 127.0.0.1 GET www.tp5.com/public/static/admin/style/jquery.slimscroll.min.js.map
[运行时间：0.030002s] [吞吐率：33.33req/s] [内存消耗：2,242.27kb] [文件加载：50]
[ info ] [ LANG ] E:\wamp\www\adminTemplate\thinkphp\lang\zh-cn.php
---------------------------------------------------------------
[ 2018-06-05T14:45:15+08:00 ] 127.0.0.1 GET www.tp5.com/public/admin/admin/index
[运行时间：0.039002s] [吞吐率：25.64req/s] [内存消耗：2,930.66kb] [文件加载：59]
[ info ] [ LANG ] E:\wamp\www\adminTemplate\thinkphp\lang\zh-cn.php
[ info ] [ ROUTE ] array (
)
[ info ] [ HEADER ] array (
  'host' => 'www.tp5.com',
  'connection' => 'keep-alive',
  'pragma' => 'no-cache',
  'cache-control' => 'no-cache',
  'upgrade-insecure-requests' => '1',
  'user-agent' => 'Mozilla/5.0 (Windows NT 6.1; Win64; x64) AppleWebKit/537.36 (KHTML, like Gecko) Chrome/63.0.3239.108 Safari/537.36',
  'accept' => 'text/html,application/xhtml+xml,application/xml;q=0.9,image/webp,image/apng,*/*;q=0.8',
  'accept-encoding' => 'gzip, deflate',
  'accept-language' => 'zh-CN,zh;q=0.9',
  'cookie' => 'PHPSESSID=o1trp0t27f073pbcd86937j0h3',
)
[ info ] [ PARAM ] array (
)
[ info ] [ VIEW ] E:\wamp\www\adminTemplate\application\admin\view\admin\index.html [ array (
) ]
---------------------------------------------------------------
[ 2018-06-05T14:45:15+08:00 ] 127.0.0.1 GET www.tp5.com/public/static/admin/style/jquery.slimscroll.min.js.map
[运行时间：0.025002s] [吞吐率：40.00req/s] [内存消耗：2,242.27kb] [文件加载：50]
[ info ] [ LANG ] E:\wamp\www\adminTemplate\thinkphp\lang\zh-cn.php
---------------------------------------------------------------
[ 2018-06-05T14:45:15+08:00 ] 127.0.0.1 GET www.tp5.com/public/admin/admin/index
[运行时间：0.035002s] [吞吐率：28.57req/s] [内存消耗：2,930.66kb] [文件加载：59]
[ info ] [ LANG ] E:\wamp\www\adminTemplate\thinkphp\lang\zh-cn.php
[ info ] [ ROUTE ] array (
)
[ info ] [ HEADER ] array (
  'host' => 'www.tp5.com',
  'connection' => 'keep-alive',
  'pragma' => 'no-cache',
  'cache-control' => 'no-cache',
  'upgrade-insecure-requests' => '1',
  'user-agent' => 'Mozilla/5.0 (Windows NT 6.1; Win64; x64) AppleWebKit/537.36 (KHTML, like Gecko) Chrome/63.0.3239.108 Safari/537.36',
  'accept' => 'text/html,application/xhtml+xml,application/xml;q=0.9,image/webp,image/apng,*/*;q=0.8',
  'accept-encoding' => 'gzip, deflate',
  'accept-language' => 'zh-CN,zh;q=0.9',
  'cookie' => 'PHPSESSID=o1trp0t27f073pbcd86937j0h3',
)
[ info ] [ PARAM ] array (
)
[ info ] [ VIEW ] E:\wamp\www\adminTemplate\application\admin\view\admin\index.html [ array (
) ]
---------------------------------------------------------------
[ 2018-06-05T14:45:15+08:00 ] 127.0.0.1 GET www.tp5.com/public/static/admin/style/jquery.slimscroll.min.js.map
[运行时间：0.027002s] [吞吐率：37.03req/s] [内存消耗：2,242.27kb] [文件加载：50]
[ info ] [ LANG ] E:\wamp\www\adminTemplate\thinkphp\lang\zh-cn.php
---------------------------------------------------------------
[ 2018-06-05T14:45:15+08:00 ] 127.0.0.1 GET www.tp5.com/public/admin/admin/index
[运行时间：0.032002s] [吞吐率：31.25req/s] [内存消耗：2,930.66kb] [文件加载：59]
[ info ] [ LANG ] E:\wamp\www\adminTemplate\thinkphp\lang\zh-cn.php
[ info ] [ ROUTE ] array (
)
[ info ] [ HEADER ] array (
  'host' => 'www.tp5.com',
  'connection' => 'keep-alive',
  'pragma' => 'no-cache',
  'cache-control' => 'no-cache',
  'upgrade-insecure-requests' => '1',
  'user-agent' => 'Mozilla/5.0 (Windows NT 6.1; Win64; x64) AppleWebKit/537.36 (KHTML, like Gecko) Chrome/63.0.3239.108 Safari/537.36',
  'accept' => 'text/html,application/xhtml+xml,application/xml;q=0.9,image/webp,image/apng,*/*;q=0.8',
  'accept-encoding' => 'gzip, deflate',
  'accept-language' => 'zh-CN,zh;q=0.9',
  'cookie' => 'PHPSESSID=o1trp0t27f073pbcd86937j0h3',
)
[ info ] [ PARAM ] array (
)
[ info ] [ VIEW ] E:\wamp\www\adminTemplate\application\admin\view\admin\index.html [ array (
) ]
---------------------------------------------------------------
[ 2018-06-05T14:45:15+08:00 ] 127.0.0.1 GET www.tp5.com/public/static/admin/style/jquery.slimscroll.min.js.map
[运行时间：0.031002s] [吞吐率：32.26req/s] [内存消耗：2,242.27kb] [文件加载：50]
[ info ] [ LANG ] E:\wamp\www\adminTemplate\thinkphp\lang\zh-cn.php
---------------------------------------------------------------
[ 2018-06-05T14:45:25+08:00 ] 127.0.0.1 GET www.tp5.com/public/admin/admin/index
[运行时间：0.043003s] [吞吐率：23.25req/s] [内存消耗：3,191.63kb] [文件加载：61]
[ info ] [ LANG ] E:\wamp\www\adminTemplate\thinkphp\lang\zh-cn.php
[ info ] [ ROUTE ] array (
)
[ info ] [ HEADER ] array (
  'host' => 'www.tp5.com',
  'connection' => 'keep-alive',
  'pragma' => 'no-cache',
  'cache-control' => 'no-cache',
  'upgrade-insecure-requests' => '1',
  'user-agent' => 'Mozilla/5.0 (Windows NT 6.1; Win64; x64) AppleWebKit/537.36 (KHTML, like Gecko) Chrome/63.0.3239.108 Safari/537.36',
  'accept' => 'text/html,application/xhtml+xml,application/xml;q=0.9,image/webp,image/apng,*/*;q=0.8',
  'accept-encoding' => 'gzip, deflate',
  'accept-language' => 'zh-CN,zh;q=0.9',
  'cookie' => 'PHPSESSID=o1trp0t27f073pbcd86937j0h3',
)
[ info ] [ PARAM ] array (
)
[ info ] [ VIEW ] E:\wamp\www\adminTemplate\application\admin\view\admin\index.html [ array (
) ]
---------------------------------------------------------------
[ 2018-06-05T14:45:25+08:00 ] 127.0.0.1 GET www.tp5.com/public/static/admin/style/jquery.slimscroll.min.js.map
[运行时间：0.033002s] [吞吐率：30.30req/s] [内存消耗：2,242.27kb] [文件加载：50]
[ info ] [ LANG ] E:\wamp\www\adminTemplate\thinkphp\lang\zh-cn.php
---------------------------------------------------------------
[ 2018-06-05T14:46:46+08:00 ] ::1 GET localhost/adminTemplate/public/admin/admin/index
[运行时间：0.058004s] [吞吐率：17.24req/s] [内存消耗：3,191.29kb] [文件加载：62]
[ info ] [ LANG ] E:\wamp\www\adminTemplate\thinkphp\lang\zh-cn.php
[ info ] [ ROUTE ] array (
)
[ info ] [ HEADER ] array (
  'host' => 'localhost',
  'connection' => 'keep-alive',
  'cache-control' => 'max-age=0',
  'user-agent' => 'Mozilla/5.0 (Windows NT 6.1; Win64; x64) AppleWebKit/537.36 (KHTML, like Gecko) Chrome/63.0.3239.108 Safari/537.36',
  'upgrade-insecure-requests' => '1',
  'accept' => 'text/html,application/xhtml+xml,application/xml;q=0.9,image/webp,image/apng,*/*;q=0.8',
  'accept-encoding' => 'gzip, deflate, br',
  'accept-language' => 'zh-CN,zh;q=0.9',
)
[ info ] [ PARAM ] array (
)
[ info ] [ VIEW ] E:\wamp\www\adminTemplate\application\admin\view\admin\index.html [ array (
) ]
---------------------------------------------------------------
[ 2018-06-05T14:46:48+08:00 ] 127.0.0.1 GET www.tp5.com/public/admin/admin/index
[运行时间：0.047002s] [吞吐率：21.28req/s] [内存消耗：2,931.69kb] [文件加载：60]
[ info ] [ LANG ] E:\wamp\www\adminTemplate\thinkphp\lang\zh-cn.php
[ info ] [ ROUTE ] array (
)
[ info ] [ HEADER ] array (
  'host' => 'www.tp5.com',
  'connection' => 'keep-alive',
  'pragma' => 'no-cache',
  'cache-control' => 'no-cache',
  'upgrade-insecure-requests' => '1',
  'user-agent' => 'Mozilla/5.0 (Windows NT 6.1; Win64; x64) AppleWebKit/537.36 (KHTML, like Gecko) Chrome/63.0.3239.108 Safari/537.36',
  'accept' => 'text/html,application/xhtml+xml,application/xml;q=0.9,image/webp,image/apng,*/*;q=0.8',
  'accept-encoding' => 'gzip, deflate',
  'accept-language' => 'zh-CN,zh;q=0.9',
  'cookie' => 'PHPSESSID=o1trp0t27f073pbcd86937j0h3',
)
[ info ] [ PARAM ] array (
)
[ info ] [ VIEW ] E:\wamp\www\adminTemplate\application\admin\view\admin\index.html [ array (
) ]
---------------------------------------------------------------
[ 2018-06-05T14:46:48+08:00 ] 127.0.0.1 GET www.tp5.com/public/static/admin/style/jquery.slimscroll.min.js.map
[运行时间：0.032002s] [吞吐率：31.25req/s] [内存消耗：2,242.31kb] [文件加载：50]
[ info ] [ LANG ] E:\wamp\www\adminTemplate\thinkphp\lang\zh-cn.php
---------------------------------------------------------------
[ 2018-06-05T14:46:49+08:00 ] 127.0.0.1 GET www.tp5.com/public/admin/admin/index
[运行时间：0.046003s] [吞吐率：21.74req/s] [内存消耗：2,931.67kb] [文件加载：60]
[ info ] [ LANG ] E:\wamp\www\adminTemplate\thinkphp\lang\zh-cn.php
[ info ] [ ROUTE ] array (
)
[ info ] [ HEADER ] array (
  'host' => 'www.tp5.com',
  'connection' => 'keep-alive',
  'pragma' => 'no-cache',
  'cache-control' => 'no-cache',
  'upgrade-insecure-requests' => '1',
  'user-agent' => 'Mozilla/5.0 (Windows NT 6.1; Win64; x64) AppleWebKit/537.36 (KHTML, like Gecko) Chrome/63.0.3239.108 Safari/537.36',
  'accept' => 'text/html,application/xhtml+xml,application/xml;q=0.9,image/webp,image/apng,*/*;q=0.8',
  'accept-encoding' => 'gzip, deflate',
  'accept-language' => 'zh-CN,zh;q=0.9',
  'cookie' => 'PHPSESSID=o1trp0t27f073pbcd86937j0h3',
)
[ info ] [ PARAM ] array (
)
[ info ] [ VIEW ] E:\wamp\www\adminTemplate\application\admin\view\admin\index.html [ array (
) ]
---------------------------------------------------------------
[ 2018-06-05T14:46:49+08:00 ] 127.0.0.1 GET www.tp5.com/public/static/admin/style/jquery.slimscroll.min.js.map
[运行时间：0.034002s] [吞吐率：29.41req/s] [内存消耗：2,242.27kb] [文件加载：50]
[ info ] [ LANG ] E:\wamp\www\adminTemplate\thinkphp\lang\zh-cn.php
---------------------------------------------------------------
[ 2018-06-05T14:46:54+08:00 ] 127.0.0.1 GET www.tp5.com/public/admin/admin/index
[运行时间：0.045003s] [吞吐率：22.22req/s] [内存消耗：2,931.91kb] [文件加载：60]
[ info ] [ LANG ] E:\wamp\www\adminTemplate\thinkphp\lang\zh-cn.php
[ info ] [ ROUTE ] array (
)
[ info ] [ HEADER ] array (
  'host' => 'www.tp5.com',
  'connection' => 'keep-alive',
  'pragma' => 'no-cache',
  'cache-control' => 'no-cache',
  'upgrade-insecure-requests' => '1',
  'user-agent' => 'Mozilla/5.0 (Windows NT 6.1; Win64; x64) AppleWebKit/537.36 (KHTML, like Gecko) Chrome/63.0.3239.108 Safari/537.36',
  'accept' => 'text/html,application/xhtml+xml,application/xml;q=0.9,image/webp,image/apng,*/*;q=0.8',
  'accept-encoding' => 'gzip, deflate',
  'accept-language' => 'zh-CN,zh;q=0.9',
  'cookie' => 'PHPSESSID=o1trp0t27f073pbcd86937j0h3',
)
[ info ] [ PARAM ] array (
)
[ info ] [ VIEW ] E:\wamp\www\adminTemplate\application\admin\view\admin\index.html [ array (
) ]
---------------------------------------------------------------
[ 2018-06-05T14:46:55+08:00 ] 127.0.0.1 GET www.tp5.com/public/admin/admin/index
[运行时间：0.034002s] [吞吐率：29.41req/s] [内存消耗：3,192.65kb] [文件加载：62]
[ info ] [ LANG ] E:\wamp\www\adminTemplate\thinkphp\lang\zh-cn.php
[ info ] [ ROUTE ] array (
)
[ info ] [ HEADER ] array (
  'host' => 'www.tp5.com',
  'connection' => 'keep-alive',
  'pragma' => 'no-cache',
  'cache-control' => 'no-cache',
  'upgrade-insecure-requests' => '1',
  'user-agent' => 'Mozilla/5.0 (Windows NT 6.1; Win64; x64) AppleWebKit/537.36 (KHTML, like Gecko) Chrome/63.0.3239.108 Safari/537.36',
  'accept' => 'text/html,application/xhtml+xml,application/xml;q=0.9,image/webp,image/apng,*/*;q=0.8',
  'accept-encoding' => 'gzip, deflate',
  'accept-language' => 'zh-CN,zh;q=0.9',
  'cookie' => 'PHPSESSID=o1trp0t27f073pbcd86937j0h3',
)
[ info ] [ PARAM ] array (
)
[ info ] [ VIEW ] E:\wamp\www\adminTemplate\application\admin\view\admin\index.html [ array (
) ]
---------------------------------------------------------------
[ 2018-06-05T14:46:55+08:00 ] 127.0.0.1 GET www.tp5.com/public/static/admin/style/jquery.slimscroll.min.js.map
[运行时间：0.034002s] [吞吐率：29.41req/s] [内存消耗：2,242.31kb] [文件加载：50]
[ info ] [ LANG ] E:\wamp\www\adminTemplate\thinkphp\lang\zh-cn.php
---------------------------------------------------------------
[ 2018-06-05T14:48:33+08:00 ] 127.0.0.1 GET www.tp5.com/public/admin/admin/index
[运行时间：0.044002s] [吞吐率：22.73req/s] [内存消耗：3,192.57kb] [文件加载：62]
[ info ] [ LANG ] E:\wamp\www\adminTemplate\thinkphp\lang\zh-cn.php
[ info ] [ ROUTE ] array (
)
[ info ] [ HEADER ] array (
  'host' => 'www.tp5.com',
  'connection' => 'keep-alive',
  'pragma' => 'no-cache',
  'cache-control' => 'no-cache',
  'upgrade-insecure-requests' => '1',
  'user-agent' => 'Mozilla/5.0 (Windows NT 6.1; Win64; x64) AppleWebKit/537.36 (KHTML, like Gecko) Chrome/63.0.3239.108 Safari/537.36',
  'accept' => 'text/html,application/xhtml+xml,application/xml;q=0.9,image/webp,image/apng,*/*;q=0.8',
  'accept-encoding' => 'gzip, deflate',
  'accept-language' => 'zh-CN,zh;q=0.9',
  'cookie' => 'PHPSESSID=o1trp0t27f073pbcd86937j0h3',
)
[ info ] [ PARAM ] array (
)
[ info ] [ VIEW ] E:\wamp\www\adminTemplate\application\admin\view\admin\index.html [ array (
) ]
---------------------------------------------------------------
[ 2018-06-05T14:48:34+08:00 ] 127.0.0.1 GET www.tp5.com/public/static/admin/style/jquery.slimscroll.min.js.map
[运行时间：0.027002s] [吞吐率：37.03req/s] [内存消耗：2,242.31kb] [文件加载：50]
[ info ] [ LANG ] E:\wamp\www\adminTemplate\thinkphp\lang\zh-cn.php
---------------------------------------------------------------
[ 2018-06-05T14:48:39+08:00 ] 127.0.0.1 GET www.tp5.com/public/admin/admin/index
[运行时间：0.043002s] [吞吐率：23.25req/s] [内存消耗：3,192.45kb] [文件加载：62]
[ info ] [ LANG ] E:\wamp\www\adminTemplate\thinkphp\lang\zh-cn.php
[ info ] [ ROUTE ] array (
)
[ info ] [ HEADER ] array (
  'host' => 'www.tp5.com',
  'connection' => 'keep-alive',
  'pragma' => 'no-cache',
  'cache-control' => 'no-cache',
  'upgrade-insecure-requests' => '1',
  'user-agent' => 'Mozilla/5.0 (Windows NT 6.1; Win64; x64) AppleWebKit/537.36 (KHTML, like Gecko) Chrome/63.0.3239.108 Safari/537.36',
  'accept' => 'text/html,application/xhtml+xml,application/xml;q=0.9,image/webp,image/apng,*/*;q=0.8',
  'accept-encoding' => 'gzip, deflate',
  'accept-language' => 'zh-CN,zh;q=0.9',
  'cookie' => 'PHPSESSID=o1trp0t27f073pbcd86937j0h3',
)
[ info ] [ PARAM ] array (
)
[ info ] [ VIEW ] E:\wamp\www\adminTemplate\application\admin\view\admin\index.html [ array (
) ]
---------------------------------------------------------------
[ 2018-06-05T14:48:40+08:00 ] 127.0.0.1 GET www.tp5.com/public/static/admin/style/jquery.slimscroll.min.js.map
[运行时间：0.027001s] [吞吐率：37.04req/s] [内存消耗：2,242.27kb] [文件加载：50]
[ info ] [ LANG ] E:\wamp\www\adminTemplate\thinkphp\lang\zh-cn.php
---------------------------------------------------------------
[ 2018-06-05T14:48:59+08:00 ] 127.0.0.1 GET www.tp5.com/public/admin/admin/index
[运行时间：0.045002s] [吞吐率：22.22req/s] [内存消耗：3,192.59kb] [文件加载：62]
[ info ] [ LANG ] E:\wamp\www\adminTemplate\thinkphp\lang\zh-cn.php
[ info ] [ ROUTE ] array (
)
[ info ] [ HEADER ] array (
  'host' => 'www.tp5.com',
  'connection' => 'keep-alive',
  'pragma' => 'no-cache',
  'cache-control' => 'no-cache',
  'upgrade-insecure-requests' => '1',
  'user-agent' => 'Mozilla/5.0 (Windows NT 6.1; Win64; x64) AppleWebKit/537.36 (KHTML, like Gecko) Chrome/63.0.3239.108 Safari/537.36',
  'accept' => 'text/html,application/xhtml+xml,application/xml;q=0.9,image/webp,image/apng,*/*;q=0.8',
  'accept-encoding' => 'gzip, deflate',
  'accept-language' => 'zh-CN,zh;q=0.9',
  'cookie' => 'PHPSESSID=o1trp0t27f073pbcd86937j0h3',
)
[ info ] [ PARAM ] array (
)
[ info ] [ VIEW ] E:\wamp\www\adminTemplate\application\admin\view\admin\index.html [ array (
) ]
---------------------------------------------------------------
[ 2018-06-05T14:48:59+08:00 ] 127.0.0.1 GET www.tp5.com/public/static/admin/style/jquery.slimscroll.min.js.map
[运行时间：0.035002s] [吞吐率：28.57req/s] [内存消耗：2,242.27kb] [文件加载：50]
[ info ] [ LANG ] E:\wamp\www\adminTemplate\thinkphp\lang\zh-cn.php
---------------------------------------------------------------
[ 2018-06-05T14:49:12+08:00 ] 127.0.0.1 GET www.tp5.com/public/admin/admin/index
[运行时间：0.041003s] [吞吐率：24.39req/s] [内存消耗：3,192.84kb] [文件加载：62]
[ info ] [ LANG ] E:\wamp\www\adminTemplate\thinkphp\lang\zh-cn.php
[ info ] [ ROUTE ] array (
)
[ info ] [ HEADER ] array (
  'host' => 'www.tp5.com',
  'connection' => 'keep-alive',
  'pragma' => 'no-cache',
  'cache-control' => 'no-cache',
  'upgrade-insecure-requests' => '1',
  'user-agent' => 'Mozilla/5.0 (Windows NT 6.1; Win64; x64) AppleWebKit/537.36 (KHTML, like Gecko) Chrome/63.0.3239.108 Safari/537.36',
  'accept' => 'text/html,application/xhtml+xml,application/xml;q=0.9,image/webp,image/apng,*/*;q=0.8',
  'accept-encoding' => 'gzip, deflate',
  'accept-language' => 'zh-CN,zh;q=0.9',
  'cookie' => 'PHPSESSID=o1trp0t27f073pbcd86937j0h3',
)
[ info ] [ PARAM ] array (
)
[ info ] [ VIEW ] E:\wamp\www\adminTemplate\application\admin\view\admin\index.html [ array (
) ]
---------------------------------------------------------------
[ 2018-06-05T14:49:12+08:00 ] 127.0.0.1 GET www.tp5.com/public/static/admin/style/jquery.slimscroll.min.js.map
[运行时间：0.033002s] [吞吐率：30.30req/s] [内存消耗：2,242.31kb] [文件加载：50]
[ info ] [ LANG ] E:\wamp\www\adminTemplate\thinkphp\lang\zh-cn.php
---------------------------------------------------------------
[ 2018-06-05T14:49:21+08:00 ] 127.0.0.1 GET www.tp5.com/public/admin/admin/index
[运行时间：0.041003s] [吞吐率：24.39req/s] [内存消耗：3,192.45kb] [文件加载：62]
[ info ] [ LANG ] E:\wamp\www\adminTemplate\thinkphp\lang\zh-cn.php
[ info ] [ ROUTE ] array (
)
[ info ] [ HEADER ] array (
  'host' => 'www.tp5.com',
  'connection' => 'keep-alive',
  'pragma' => 'no-cache',
  'cache-control' => 'no-cache',
  'upgrade-insecure-requests' => '1',
  'user-agent' => 'Mozilla/5.0 (Windows NT 6.1; Win64; x64) AppleWebKit/537.36 (KHTML, like Gecko) Chrome/63.0.3239.108 Safari/537.36',
  'accept' => 'text/html,application/xhtml+xml,application/xml;q=0.9,image/webp,image/apng,*/*;q=0.8',
  'accept-encoding' => 'gzip, deflate',
  'accept-language' => 'zh-CN,zh;q=0.9',
  'cookie' => 'PHPSESSID=o1trp0t27f073pbcd86937j0h3',
)
[ info ] [ PARAM ] array (
)
[ info ] [ VIEW ] E:\wamp\www\adminTemplate\application\admin\view\admin\index.html [ array (
) ]
---------------------------------------------------------------
[ 2018-06-05T14:49:21+08:00 ] 127.0.0.1 GET www.tp5.com/public/static/admin/style/jquery.slimscroll.min.js.map
[运行时间：0.026002s] [吞吐率：38.46req/s] [内存消耗：2,242.27kb] [文件加载：50]
[ info ] [ LANG ] E:\wamp\www\adminTemplate\thinkphp\lang\zh-cn.php
---------------------------------------------------------------
[ 2018-06-05T14:49:31+08:00 ] 127.0.0.1 GET www.tp5.com/public/admin/admin/index
[运行时间：0.039003s] [吞吐率：25.64req/s] [内存消耗：3,192.52kb] [文件加载：62]
[ info ] [ LANG ] E:\wamp\www\adminTemplate\thinkphp\lang\zh-cn.php
[ info ] [ ROUTE ] array (
)
[ info ] [ HEADER ] array (
  'host' => 'www.tp5.com',
  'connection' => 'keep-alive',
  'pragma' => 'no-cache',
  'cache-control' => 'no-cache',
  'upgrade-insecure-requests' => '1',
  'user-agent' => 'Mozilla/5.0 (Windows NT 6.1; Win64; x64) AppleWebKit/537.36 (KHTML, like Gecko) Chrome/63.0.3239.108 Safari/537.36',
  'accept' => 'text/html,application/xhtml+xml,application/xml;q=0.9,image/webp,image/apng,*/*;q=0.8',
  'accept-encoding' => 'gzip, deflate',
  'accept-language' => 'zh-CN,zh;q=0.9',
  'cookie' => 'PHPSESSID=o1trp0t27f073pbcd86937j0h3',
)
[ info ] [ PARAM ] array (
)
[ info ] [ VIEW ] E:\wamp\www\adminTemplate\application\admin\view\admin\index.html [ array (
) ]
---------------------------------------------------------------
[ 2018-06-05T14:49:31+08:00 ] 127.0.0.1 GET www.tp5.com/public/static/admin/style/jquery.slimscroll.min.js.map
[运行时间：0.034002s] [吞吐率：29.41req/s] [内存消耗：2,242.27kb] [文件加载：50]
[ info ] [ LANG ] E:\wamp\www\adminTemplate\thinkphp\lang\zh-cn.php
