---------------------------------------------------------------
[ 2018-06-09T14:57:36+08:00 ] ::1 GET localhost/adminTemplate/public/
[运行时间：0.059004s] [吞吐率：16.95req/s] [内存消耗：2,841.91kb] [文件加载：55]
[ info ] [ LANG ] E:\wamp\www\adminTemplate\thinkphp\lang\zh-cn.php
[ info ] [ ROUTE ] array (
)
[ info ] [ HEADER ] array (
  'host' => 'localhost',
  'connection' => 'keep-alive',
  'user-agent' => 'Mozilla/5.0 (Windows NT 6.1; Win64; x64) AppleWebKit/537.36 (KHTML, like Gecko) Chrome/63.0.3239.108 Safari/537.36',
  'upgrade-insecure-requests' => '1',
  'accept' => 'text/html,application/xhtml+xml,application/xml;q=0.9,image/webp,image/apng,*/*;q=0.8',
  'accept-encoding' => 'gzip, deflate, br',
  'accept-language' => 'zh-CN,zh;q=0.9',
  'cookie' => 'Phpstorm-65b66e1f=0f113860-80aa-4c0c-b8c9-b545e788629c',
)
[ info ] [ PARAM ] array (
)
---------------------------------------------------------------
[ 2018-06-09T14:57:50+08:00 ] ::1 GET localhost/adminTemplate/public/admin
[运行时间：0.061003s] [吞吐率：16.39req/s] [内存消耗：2,949.78kb] [文件加载：60]
[ info ] [ LANG ] E:\wamp\www\adminTemplate\thinkphp\lang\zh-cn.php
[ info ] [ ROUTE ] array (
)
[ info ] [ HEADER ] array (
  'host' => 'localhost',
  'connection' => 'keep-alive',
  'user-agent' => 'Mozilla/5.0 (Windows NT 6.1; Win64; x64) AppleWebKit/537.36 (KHTML, like Gecko) Chrome/63.0.3239.108 Safari/537.36',
  'upgrade-insecure-requests' => '1',
  'accept' => 'text/html,application/xhtml+xml,application/xml;q=0.9,image/webp,image/apng,*/*;q=0.8',
  'accept-encoding' => 'gzip, deflate, br',
  'accept-language' => 'zh-CN,zh;q=0.9',
  'cookie' => 'Phpstorm-65b66e1f=0f113860-80aa-4c0c-b8c9-b545e788629c; PHPSESSID=ltai0kva773c42h5acobds5th2; pgv_pvi=3889662976; pgv_si=s3184919552',
)
[ info ] [ PARAM ] array (
)
---------------------------------------------------------------
[ 2018-06-09T14:57:56+08:00 ] ::1 GET localhost/adminTemplate/public/admin/admin
[运行时间：0.079005s] [吞吐率：12.66req/s] [内存消耗：3,195.99kb] [文件加载：61]
[ info ] [ LANG ] E:\wamp\www\adminTemplate\thinkphp\lang\zh-cn.php
[ info ] [ ROUTE ] array (
)
[ info ] [ HEADER ] array (
  'host' => 'localhost',
  'connection' => 'keep-alive',
  'user-agent' => 'Mozilla/5.0 (Windows NT 6.1; Win64; x64) AppleWebKit/537.36 (KHTML, like Gecko) Chrome/63.0.3239.108 Safari/537.36',
  'upgrade-insecure-requests' => '1',
  'accept' => 'text/html,application/xhtml+xml,application/xml;q=0.9,image/webp,image/apng,*/*;q=0.8',
  'accept-encoding' => 'gzip, deflate, br',
  'accept-language' => 'zh-CN,zh;q=0.9',
  'cookie' => 'Phpstorm-65b66e1f=0f113860-80aa-4c0c-b8c9-b545e788629c; PHPSESSID=ltai0kva773c42h5acobds5th2; pgv_pvi=3889662976; pgv_si=s3184919552',
)
[ info ] [ PARAM ] array (
)
[ info ] [ VIEW ] E:\wamp\www\adminTemplate\application\admin\view\admin\index.html [ array (
) ]
---------------------------------------------------------------
[ 2018-06-09T14:58:45+08:00 ] ::1 GET localhost/adminTemplate/public/admin/admin
[运行时间：0.046002s] [吞吐率：21.74req/s] [内存消耗：2,935.59kb] [文件加载：59]
[ info ] [ LANG ] E:\wamp\www\adminTemplate\thinkphp\lang\zh-cn.php
[ info ] [ ROUTE ] array (
)
[ info ] [ HEADER ] array (
  'host' => 'localhost',
  'connection' => 'keep-alive',
  'pragma' => 'no-cache',
  'cache-control' => 'no-cache',
  'upgrade-insecure-requests' => '1',
  'user-agent' => 'Mozilla/5.0 (Windows NT 6.1; Win64; x64) AppleWebKit/537.36 (KHTML, like Gecko) Chrome/63.0.3239.108 Safari/537.36',
  'accept' => 'text/html,application/xhtml+xml,application/xml;q=0.9,image/webp,image/apng,*/*;q=0.8',
  'accept-encoding' => 'gzip, deflate, br',
  'accept-language' => 'zh-CN,zh;q=0.9',
  'cookie' => 'Phpstorm-65b66e1f=0f113860-80aa-4c0c-b8c9-b545e788629c; PHPSESSID=ltai0kva773c42h5acobds5th2; pgv_pvi=3889662976; pgv_si=s3184919552',
)
[ info ] [ PARAM ] array (
)
[ info ] [ VIEW ] E:\wamp\www\adminTemplate\application\admin\view\admin\index.html [ array (
) ]
---------------------------------------------------------------
[ 2018-06-09T14:58:45+08:00 ] ::1 GET localhost/adminTemplate/public/admin/admin
[运行时间：0.052003s] [吞吐率：19.23req/s] [内存消耗：2,935.59kb] [文件加载：59]
[ info ] [ LANG ] E:\wamp\www\adminTemplate\thinkphp\lang\zh-cn.php
[ info ] [ ROUTE ] array (
)
[ info ] [ HEADER ] array (
  'host' => 'localhost',
  'connection' => 'keep-alive',
  'pragma' => 'no-cache',
  'cache-control' => 'no-cache',
  'upgrade-insecure-requests' => '1',
  'user-agent' => 'Mozilla/5.0 (Windows NT 6.1; Win64; x64) AppleWebKit/537.36 (KHTML, like Gecko) Chrome/63.0.3239.108 Safari/537.36',
  'accept' => 'text/html,application/xhtml+xml,application/xml;q=0.9,image/webp,image/apng,*/*;q=0.8',
  'accept-encoding' => 'gzip, deflate, br',
  'accept-language' => 'zh-CN,zh;q=0.9',
  'cookie' => 'Phpstorm-65b66e1f=0f113860-80aa-4c0c-b8c9-b545e788629c; PHPSESSID=ltai0kva773c42h5acobds5th2; pgv_pvi=3889662976; pgv_si=s3184919552',
)
[ info ] [ PARAM ] array (
)
[ info ] [ VIEW ] E:\wamp\www\adminTemplate\application\admin\view\admin\index.html [ array (
) ]
---------------------------------------------------------------
[ 2018-06-09T14:58:45+08:00 ] ::1 GET localhost/adminTemplate/public/admin/admin
[运行时间：0.045002s] [吞吐率：22.22req/s] [内存消耗：2,935.59kb] [文件加载：59]
[ info ] [ LANG ] E:\wamp\www\adminTemplate\thinkphp\lang\zh-cn.php
[ info ] [ ROUTE ] array (
)
[ info ] [ HEADER ] array (
  'host' => 'localhost',
  'connection' => 'keep-alive',
  'pragma' => 'no-cache',
  'cache-control' => 'no-cache',
  'upgrade-insecure-requests' => '1',
  'user-agent' => 'Mozilla/5.0 (Windows NT 6.1; Win64; x64) AppleWebKit/537.36 (KHTML, like Gecko) Chrome/63.0.3239.108 Safari/537.36',
  'accept' => 'text/html,application/xhtml+xml,application/xml;q=0.9,image/webp,image/apng,*/*;q=0.8',
  'accept-encoding' => 'gzip, deflate, br',
  'accept-language' => 'zh-CN,zh;q=0.9',
  'cookie' => 'Phpstorm-65b66e1f=0f113860-80aa-4c0c-b8c9-b545e788629c; PHPSESSID=ltai0kva773c42h5acobds5th2; pgv_pvi=3889662976; pgv_si=s3184919552',
)
[ info ] [ PARAM ] array (
)
[ info ] [ VIEW ] E:\wamp\www\adminTemplate\application\admin\view\admin\index.html [ array (
) ]
---------------------------------------------------------------
[ 2018-06-09T14:58:48+08:00 ] ::1 GET localhost/adminTemplate/public/admin/admin
[运行时间：0.055003s] [吞吐率：18.18req/s] [内存消耗：2,935.59kb] [文件加载：59]
[ info ] [ LANG ] E:\wamp\www\adminTemplate\thinkphp\lang\zh-cn.php
[ info ] [ ROUTE ] array (
)
[ info ] [ HEADER ] array (
  'host' => 'localhost',
  'connection' => 'keep-alive',
  'pragma' => 'no-cache',
  'cache-control' => 'no-cache',
  'upgrade-insecure-requests' => '1',
  'user-agent' => 'Mozilla/5.0 (Windows NT 6.1; Win64; x64) AppleWebKit/537.36 (KHTML, like Gecko) Chrome/63.0.3239.108 Safari/537.36',
  'accept' => 'text/html,application/xhtml+xml,application/xml;q=0.9,image/webp,image/apng,*/*;q=0.8',
  'accept-encoding' => 'gzip, deflate, br',
  'accept-language' => 'zh-CN,zh;q=0.9',
  'cookie' => 'Phpstorm-65b66e1f=0f113860-80aa-4c0c-b8c9-b545e788629c; PHPSESSID=ltai0kva773c42h5acobds5th2; pgv_pvi=3889662976; pgv_si=s3184919552',
)
[ info ] [ PARAM ] array (
)
[ info ] [ VIEW ] E:\wamp\www\adminTemplate\application\admin\view\admin\index.html [ array (
) ]
